1677624453463	geckodriver	INFO	Listening on 127.0.0.1:50392
1677624456520	mozrunner::runner	INFO	Running command: "C:\\Program Files\\Mozilla Firefox\\firefox.exe" "--marionette" "--remote-debugging-port" "50393" "--remote-allow-hosts" "localhost" "-no-remote" "-profile" "C:\\Users\\Simin\\AppData\\Local\\Temp\\rust_mozprofilelBcdNQ"
console.warn: services.settings: Ignoring preference override of remote settings server
console.warn: services.settings: Allow by setting MOZ_REMOTE_SETTINGS_DEVTOOLS=1 in the environment
1677624456859	Marionette	INFO	Marionette enabled
Dynamically enable window occlusion 0
1677624456864	Marionette	INFO	Listening on port 50416
WebDriver BiDi listening on ws://127.0.0.1:50393
Read port: 50416
1677624457113	RemoteAgent	WARN	TLS certificate errors will be ignored for this session
console.warn: SearchSettings: "get: No settings file exists, new profile?" (new NotFoundError("Could not open the file at C:\\Users\\Simin\\AppData\\Local\\Temp\\rust_mozprofilelBcdNQ\\search.json.mozlz4", (void 0)))
DevTools listening on ws://127.0.0.1:50393/devtools/browser/fe1c8a5a-f33e-4f6a-9d55-6ab9de548431
1677624460823	Marionette	WARN	Ignoring event 'pageshow' because document has an invalid readyState of 'loading'.
JavaScript warning: https://pagead2.googlesyndication.com/bg/ENhUjQ5Efr1LKcBlRSMtCxEMsPeXm4hb-JW7itjXrRA.js line 2 > eval line 6003 > eval line 1 > eval line 1 > eval, line 1: WEBGL_debug_renderer_info is deprecated in Firefox and will be removed. Please use RENDERER.
JavaScript warning: https://pagead2.googlesyndication.com/bg/B0h6yWoM4A2thohR-97yuNcdUnoq8bXKVyp7ELIWWXY.js line 2 > eval line 1641 > eval line 1 > eval line 1 > eval, line 1: WEBGL_debug_renderer_info is deprecated in Firefox and will be removed. Please use RENDERER.
JavaScript warning: https://www.googletagmanager.com/gtm.js?id=GTM-P528B3&gtm_auth=tfAzqo1rYDLgYhmTnSjPqw&gtm_preview=env-130&gtm_cookies_win=x, line 1: unreachable code after return statement
1677624483042	Marionette	INFO	Stopped listening on port 50416
Dynamically enable window occlusion 1
JavaScript error: , line 0: TypeError: NetworkError when attempting to fetch resource.
1677625079426	geckodriver	INFO	Listening on 127.0.0.1:51918
1677625082494	mozrunner::runner	INFO	Running command: "C:\\Program Files\\Mozilla Firefox\\firefox.exe" "--marionette" "--remote-debugging-port" "51919" "--remote-allow-hosts" "localhost" "-no-remote" "-profile" "C:\\Users\\Simin\\AppData\\Local\\Temp\\rust_mozprofileySoLq5"
console.warn: services.settings: Ignoring preference override of remote settings server
console.warn: services.settings: Allow by setting MOZ_REMOTE_SETTINGS_DEVTOOLS=1 in the environment
1677625082827	Marionette	INFO	Marionette enabled
Dynamically enable window occlusion 0
1677625082832	Marionette	INFO	Listening on port 51929
Read port: 51929
WebDriver BiDi listening on ws://127.0.0.1:51919
1677625082953	RemoteAgent	WARN	TLS certificate errors will be ignored for this session
console.warn: SearchSettings: "get: No settings file exists, new profile?" (new NotFoundError("Could not open the file at C:\\Users\\Simin\\AppData\\Local\\Temp\\rust_mozprofileySoLq5\\search.json.mozlz4", (void 0)))
DevTools listening on ws://127.0.0.1:51919/devtools/browser/3419ca45-958f-4368-b9fe-e7b855913364
JavaScript warning: https://pagead2.googlesyndication.com/bg/ENhUjQ5Efr1LKcBlRSMtCxEMsPeXm4hb-JW7itjXrRA.js line 2 > eval line 7199 > eval line 1 > eval line 1 > eval, line 1: WEBGL_debug_renderer_info is deprecated in Firefox and will be removed. Please use RENDERER.
1677625087109	Marionette	WARN	Ignoring event 'pageshow' because document has an invalid readyState of 'loading'.
JavaScript warning: https://pagead2.googlesyndication.com/bg/B0h6yWoM4A2thohR-97yuNcdUnoq8bXKVyp7ELIWWXY.js line 2 > eval line 6747 > eval line 1 > eval line 1 > eval, line 1: WEBGL_debug_renderer_info is deprecated in Firefox and will be removed. Please use RENDERER.
JavaScript warning: https://www.googletagmanager.com/gtm.js?id=GTM-P528B3&gtm_auth=tfAzqo1rYDLgYhmTnSjPqw&gtm_preview=env-130&gtm_cookies_win=x, line 1: unreachable code after return statement
1677625104633	Marionette	INFO	Stopped listening on port 51929
Dynamically enable window occlusion 1
JavaScript error: , line 0: TypeError: NetworkError when attempting to fetch resource.
[Parent 6560, IPC I/O Parent] WARNING: DuplicateHandle failed for handle 0 in TransferHandles: file /builds/worker/checkouts/gecko/ipc/chromium/src/chrome/common/ipc_channel_win.cc:777
